DEBUG:root:'password'
INFO:werkzeug:127.0.0.1 - - [05/Oct/2025 15:33:04] "POST /users/login HTTP/1.1" 200 -
INFO:werkzeug: * Detected change in 'C:\\Users\\ivana\\Desktop\\curso-inserta-big-data\\ProyectosPython\\random_number_game_version_flet\\server\\app.py', reloading
INFO:werkzeug: * Detected change in 'C:\\Users\\ivana\\Desktop\\curso-inserta-big-data\\ProyectosPython\\random_number_game_version_flet\\server\\app.py', reloading
INFO:werkzeug: * Detected change in 'C:\\Users\\ivana\\Desktop\\curso-inserta-big-data\\ProyectosPython\\random_number_game_version_flet\\server\\app.py', reloading
INFO:werkzeug: * Restarting with watchdog (windowsapi)
WARNING:werkzeug: * Debugger is active!
INFO:werkzeug: * Debugger PIN: 945-655-022
INFO:werkzeug: * Detected change in 'C:\\Users\\ivana\\Desktop\\curso-inserta-big-data\\ProyectosPython\\random_number_game_version_flet\\server\\app.py', reloading
INFO:werkzeug: * Detected change in 'C:\\Users\\ivana\\Desktop\\curso-inserta-big-data\\ProyectosPython\\random_number_game_version_flet\\server\\app.py', reloading
INFO:werkzeug: * Detected change in 'C:\\Users\\ivana\\Desktop\\curso-inserta-big-data\\ProyectosPython\\random_number_game_version_flet\\server\\app.py', reloading
INFO:werkzeug: * Detected change in 'C:\\Users\\ivana\\Desktop\\curso-inserta-big-data\\ProyectosPython\\random_number_game_version_flet\\server\\app.py', reloading
INFO:werkzeug: * Detected change in 'C:\\Users\\ivana\\Desktop\\curso-inserta-big-data\\ProyectosPython\\random_number_game_version_flet\\server\\app.py', reloading
INFO:werkzeug: * Detected change in 'C:\\Users\\ivana\\Desktop\\curso-inserta-big-data\\ProyectosPython\\random_number_game_version_flet\\server\\app.py', reloading
INFO:werkzeug: * Detected change in 'C:\\Users\\ivana\\Desktop\\curso-inserta-big-data\\ProyectosPython\\random_number_game_version_flet\\server\\app.py', reloading
INFO:werkzeug: * Detected change in 'C:\\Users\\ivana\\Desktop\\curso-inserta-big-data\\ProyectosPython\\random_number_game_version_flet\\server\\app.py', reloading
INFO:werkzeug: * Detected change in 'C:\\Users\\ivana\\Desktop\\curso-inserta-big-data\\ProyectosPython\\random_number_game_version_flet\\server\\app.py', reloading
INFO:werkzeug: * Restarting with watchdog (windowsapi)
WARNING:werkzeug: * Debugger is active!
INFO:werkzeug: * Debugger PIN: 945-655-022
INFO:werkzeug: * Detected change in 'C:\\Users\\ivana\\Desktop\\curso-inserta-big-data\\ProyectosPython\\random_number_game_version_flet\\server\\app.py', reloading
INFO:werkzeug: * Restarting with watchdog (windowsapi)
WARNING:werkzeug: * Debugger is active!
INFO:werkzeug: * Debugger PIN: 945-655-022
INFO:werkzeug:[31m[1mWARNING: This is a development server. Do not use it in a production deployment. Use a production WSGI server instead.[0m
 * Running on all addresses (0.0.0.0)
 * Running on http://127.0.0.1:5000
 * Running on http://192.168.1.86:5000
INFO:werkzeug:[33mPress CTRL+C to quit[0m
INFO:werkzeug: * Restarting with watchdog (windowsapi)
WARNING:werkzeug: * Debugger is active!
INFO:werkzeug: * Debugger PIN: 945-655-022
DEBUG:root:name 'datetime' is not defined
INFO:werkzeug:127.0.0.1 - - [05/Oct/2025 15:34:26] "POST /users/login HTTP/1.1" 200 -
INFO:werkzeug: * Detected change in 'C:\\Users\\ivana\\Desktop\\curso-inserta-big-data\\ProyectosPython\\random_number_game_version_flet\\server\\app.py', reloading
INFO:werkzeug: * Detected change in 'C:\\Users\\ivana\\Desktop\\curso-inserta-big-data\\ProyectosPython\\random_number_game_version_flet\\server\\app.py', reloading
INFO:werkzeug: * Detected change in 'C:\\Users\\ivana\\Desktop\\curso-inserta-big-data\\ProyectosPython\\random_number_game_version_flet\\server\\app.py', reloading
INFO:werkzeug: * Restarting with watchdog (windowsapi)
WARNING:werkzeug: * Debugger is active!
INFO:werkzeug: * Debugger PIN: 945-655-022
DEBUG:root:name 'datetime' is not defined
INFO:werkzeug:127.0.0.1 - - [05/Oct/2025 15:34:33] "POST /users/login HTTP/1.1" 200 -
INFO:werkzeug: * Detected change in 'C:\\Users\\ivana\\Desktop\\curso-inserta-big-data\\ProyectosPython\\random_number_game_version_flet\\server\\app.py', reloading
INFO:werkzeug: * Detected change in 'C:\\Users\\ivana\\Desktop\\curso-inserta-big-data\\ProyectosPython\\random_number_game_version_flet\\server\\app.py', reloading
INFO:werkzeug: * Detected change in 'C:\\Users\\ivana\\Desktop\\curso-inserta-big-data\\ProyectosPython\\random_number_game_version_flet\\server\\app.py', reloading
INFO:werkzeug: * Restarting with watchdog (windowsapi)
WARNING:werkzeug: * Debugger is active!
INFO:werkzeug: * Debugger PIN: 945-655-022
INFO:werkzeug: * Detected change in 'C:\\Users\\ivana\\Desktop\\curso-inserta-big-data\\ProyectosPython\\random_number_game_version_flet\\server\\app.py', reloading
INFO:werkzeug: * Detected change in 'C:\\Users\\ivana\\Desktop\\curso-inserta-big-data\\ProyectosPython\\random_number_game_version_flet\\server\\app.py', reloading
INFO:werkzeug: * Detected change in 'C:\\Users\\ivana\\Desktop\\curso-inserta-big-data\\ProyectosPython\\random_number_game_version_flet\\server\\app.py', reloading
INFO:werkzeug: * Restarting with watchdog (windowsapi)
WARNING:werkzeug: * Debugger is active!
INFO:werkzeug: * Debugger PIN: 945-655-022
INFO:werkzeug: * Detected change in 'C:\\Users\\ivana\\Desktop\\curso-inserta-big-data\\ProyectosPython\\random_number_game_version_flet\\server\\app.py', reloading
INFO:werkzeug: * Detected change in 'C:\\Users\\ivana\\Desktop\\curso-inserta-big-data\\ProyectosPython\\random_number_game_version_flet\\server\\app.py', reloading
INFO:werkzeug: * Detected change in 'C:\\Users\\ivana\\Desktop\\curso-inserta-big-data\\ProyectosPython\\random_number_game_version_flet\\server\\app.py', reloading
INFO:werkzeug: * Detected change in 'C:\\Users\\ivana\\Desktop\\curso-inserta-big-data\\ProyectosPython\\random_number_game_version_flet\\server\\app.py', reloading
INFO:werkzeug: * Detected change in 'C:\\Users\\ivana\\Desktop\\curso-inserta-big-data\\ProyectosPython\\random_number_game_version_flet\\server\\app.py', reloading
INFO:werkzeug: * Detected change in 'C:\\Users\\ivana\\Desktop\\curso-inserta-big-data\\ProyectosPython\\random_number_game_version_flet\\server\\app.py', reloading
INFO:werkzeug: * Detected change in 'C:\\Users\\ivana\\Desktop\\curso-inserta-big-data\\ProyectosPython\\random_number_game_version_flet\\server\\app.py', reloading
INFO:werkzeug: * Detected change in 'C:\\Users\\ivana\\Desktop\\curso-inserta-big-data\\ProyectosPython\\random_number_game_version_flet\\server\\app.py', reloading
INFO:werkzeug: * Detected change in 'C:\\Users\\ivana\\Desktop\\curso-inserta-big-data\\ProyectosPython\\random_number_game_version_flet\\server\\app.py', reloading
INFO:werkzeug: * Detected change in 'C:\\Users\\ivana\\Desktop\\curso-inserta-big-data\\ProyectosPython\\random_number_game_version_flet\\server\\app.py', reloading
INFO:werkzeug: * Detected change in 'C:\\Users\\ivana\\Desktop\\curso-inserta-big-data\\ProyectosPython\\random_number_game_version_flet\\server\\app.py', reloading
INFO:werkzeug: * Detected change in 'C:\\Users\\ivana\\Desktop\\curso-inserta-big-data\\ProyectosPython\\random_number_game_version_flet\\server\\app.py', reloading
INFO:werkzeug: * Detected change in 'C:\\Users\\ivana\\Desktop\\curso-inserta-big-data\\ProyectosPython\\random_number_game_version_flet\\server\\app.py', reloading
INFO:werkzeug: * Detected change in 'C:\\Users\\ivana\\Desktop\\curso-inserta-big-data\\ProyectosPython\\random_number_game_version_flet\\server\\app.py', reloading
INFO:werkzeug: * Restarting with watchdog (windowsapi)
INFO:werkzeug:[31m[1mWARNING: This is a development server. Do not use it in a production deployment. Use a production WSGI server instead.[0m
 * Running on all addresses (0.0.0.0)
 * Running on http://127.0.0.1:5000
 * Running on http://192.168.1.86:5000
INFO:werkzeug:[33mPress CTRL+C to quit[0m
INFO:werkzeug: * Restarting with watchdog (windowsapi)
WARNING:werkzeug: * Debugger is active!
INFO:werkzeug: * Debugger PIN: 945-655-022
DEBUG:root:{'id': 1, 'username': 'ivan_arganda96', 'email': 'ivanartista96@gmail.com', 'password': 'ivan1234', 'exp': datetime.datetime(2025, 10, 5, 14, 35, 19, 214457)}
INFO:werkzeug:127.0.0.1 - - [05/Oct/2025 15:35:19] "POST /users/login HTTP/1.1" 200 -
DEBUG:root:{'id': 1, 'username': 'ivan_arganda96', 'email': 'ivanartista96@gmail.com', 'password': 'ivan1234', 'exp': datetime.datetime(2025, 10, 5, 14, 35, 52, 737226)}
INFO:werkzeug:127.0.0.1 - - [05/Oct/2025 15:35:52] "POST /users/login HTTP/1.1" 200 -
DEBUG:root:{'id': 1, 'username': 'ivan_arganda96', 'email': 'ivanartista96@gmail.com', 'password': 'ivan1234', 'exp': datetime.datetime(2025, 10, 5, 14, 37, 44, 637598)}
INFO:werkzeug:127.0.0.1 - - [05/Oct/2025 15:37:44] "POST /users/login HTTP/1.1" 200 -
DEBUG:root:{'id': 1, 'username': 'ivan_arganda96', 'email': 'ivanartista96@gmail.com', 'password': 'ivan1234', 'exp': datetime.datetime(2025, 10, 5, 14, 39, 58, 698128)}
INFO:werkzeug:127.0.0.1 - - [05/Oct/2025 15:39:58] "POST /users/login HTTP/1.1" 200 -
DEBUG:root:{'id': 1, 'username': 'ivan_arganda96', 'email': 'ivanartista96@gmail.com', 'password': 'ivan1234', 'exp': datetime.datetime(2025, 10, 5, 14, 40, 3, 989167)}
INFO:werkzeug:127.0.0.1 - - [05/Oct/2025 15:40:03] "POST /users/login HTTP/1.1" 200 -
DEBUG:root:{'id': 1, 'username': 'ivan_arganda96', 'email': 'ivanartista96@gmail.com', 'password': 'ivan1234', 'exp': datetime.datetime(2025, 10, 5, 14, 40, 15, 551328)}
INFO:werkzeug:127.0.0.1 - - [05/Oct/2025 15:40:15] "POST /users/login HTTP/1.1" 200 -
DEBUG:root:{'id': 1, 'username': 'ivan_arganda96', 'email': 'ivanartista96@gmail.com', 'password': 'ivan1234', 'exp': datetime.datetime(2025, 10, 5, 14, 40, 57, 612810)}
INFO:werkzeug:127.0.0.1 - - [05/Oct/2025 15:40:57] "POST /users/login HTTP/1.1" 200 -
DEBUG:root:{'id': 1, 'username': 'ivan_arganda96', 'email': 'ivanartista96@gmail.com', 'password': 'ivan1234', 'exp': datetime.datetime(2025, 10, 5, 14, 41, 2, 924736)}
INFO:werkzeug:127.0.0.1 - - [05/Oct/2025 15:41:02] "POST /users/login HTTP/1.1" 200 -
INFO:werkzeug: * Detected change in 'C:\\Users\\ivana\\AppData\\Local\\Programs\\Python\\Python312\\Lib\\json\\__init__.py', reloading
INFO:werkzeug: * Restarting with watchdog (windowsapi)
WARNING:werkzeug: * Debugger is active!
INFO:werkzeug: * Debugger PIN: 945-655-022
DEBUG:root:{'id': 1, 'username': 'ivan_arganda96', 'email': 'ivanartista96@gmail.com', 'password': 'ivan1234', 'exp': datetime.datetime(2025, 10, 5, 14, 47, 56, 880298)}
INFO:werkzeug:127.0.0.1 - - [05/Oct/2025 15:47:56] "POST /users/login HTTP/1.1" 200 -
DEBUG:root:{'id': 1, 'username': 'ivan_arganda96', 'email': 'ivanartista96@gmail.com', 'password': 'ivan1234', 'exp': datetime.datetime(2025, 10, 5, 14, 51, 14, 657245)}
INFO:werkzeug:127.0.0.1 - - [05/Oct/2025 15:51:14] "POST /users/login HTTP/1.1" 200 -
DEBUG:root:{'id': 1, 'username': 'ivan_arganda96', 'email': 'ivanartista96@gmail.com', 'password': 'ivan1234', 'exp': datetime.datetime(2025, 10, 5, 14, 56, 16, 799188)}
INFO:werkzeug:127.0.0.1 - - [05/Oct/2025 15:56:16] "POST /users/login HTTP/1.1" 200 -
DEBUG:root:{'id': 1, 'username': 'ivan_arganda96', 'email': 'ivanartista96@gmail.com', 'password': 'ivan1234', 'exp': datetime.datetime(2025, 10, 5, 14, 58, 0, 820880)}
INFO:werkzeug:127.0.0.1 - - [05/Oct/2025 15:58:00] "POST /users/login HTTP/1.1" 200 -
DEBUG:root:{'id': 1, 'username': 'ivan_arganda96', 'email': 'ivanartista96@gmail.com', 'password': 'ivan1234', 'exp': datetime.datetime(2025, 10, 5, 14, 59, 13, 113218)}
INFO:werkzeug:127.0.0.1 - - [05/Oct/2025 15:59:13] "POST /users/login HTTP/1.1" 200 -
DEBUG:root:{'id': 1, 'username': 'ivan_arganda96', 'email': 'ivanartista96@gmail.com', 'password': 'ivan1234', 'exp': datetime.datetime(2025, 10, 5, 15, 1, 43, 190507)}
INFO:werkzeug:127.0.0.1 - - [05/Oct/2025 16:01:43] "POST /users/login HTTP/1.1" 200 -
DEBUG:root:{'id': 1, 'username': 'ivan_arganda96', 'email': 'ivanartista96@gmail.com', 'password': 'ivan1234', 'exp': datetime.datetime(2025, 10, 5, 15, 3, 50, 942400)}
INFO:werkzeug:127.0.0.1 - - [05/Oct/2025 16:03:50] "POST /users/login HTTP/1.1" 200 -
INFO:werkzeug:[31m[1mWARNING: This is a development server. Do not use it in a production deployment. Use a production WSGI server instead.[0m
 * Running on all addresses (0.0.0.0)
 * Running on http://127.0.0.1:5000
 * Running on http://192.168.1.86:5000
INFO:werkzeug:[33mPress CTRL+C to quit[0m
INFO:werkzeug: * Restarting with watchdog (windowsapi)
WARNING:werkzeug: * Debugger is active!
INFO:werkzeug: * Debugger PIN: 945-655-022
DEBUG:root:{'id': 1, 'username': 'ivan_arganda96', 'email': 'ivanartista96@gmail.com', 'password': 'ivan1234', 'exp': datetime.datetime(2025, 10, 5, 20, 49, 28, 621987)}
INFO:werkzeug:127.0.0.1 - - [05/Oct/2025 21:49:28] "POST /users/login HTTP/1.1" 200 -
INFO:werkzeug: * Detected change in 'C:\\Users\\ivana\\AppData\\Local\\Programs\\Python\\Python312\\Lib\\site-packages\\flet_runtime\\app.py', reloading
INFO:werkzeug: * Detected change in 'C:\\Users\\ivana\\AppData\\Local\\Programs\\Python\\Python312\\Lib\\concurrent\\futures\\thread.py', reloading
INFO:werkzeug: * Restarting with watchdog (windowsapi)
WARNING:werkzeug: * Debugger is active!
INFO:werkzeug: * Debugger PIN: 945-655-022
INFO:werkzeug: * Detected change in 'C:\\Users\\ivana\\AppData\\Local\\Programs\\Python\\Python312\\Lib\\site-packages\\flet_core\\page.py', reloading
INFO:werkzeug: * Restarting with watchdog (windowsapi)
WARNING:werkzeug: * Debugger is active!
INFO:werkzeug: * Debugger PIN: 945-655-022
INFO:werkzeug: * Detected change in 'C:\\Users\\ivana\\Desktop\\curso-inserta-big-data\\ProyectosPython\\random_number_game_version_flet\\server\\app.py', reloading
INFO:werkzeug: * Detected change in 'C:\\Users\\ivana\\Desktop\\curso-inserta-big-data\\ProyectosPython\\random_number_game_version_flet\\server\\app.py', reloading
INFO:werkzeug: * Detected change in 'C:\\Users\\ivana\\Desktop\\curso-inserta-big-data\\ProyectosPython\\random_number_game_version_flet\\server\\app.py', reloading
INFO:werkzeug: * Detected change in 'C:\\Users\\ivana\\Desktop\\curso-inserta-big-data\\ProyectosPython\\random_number_game_version_flet\\server\\app.py', reloading
INFO:werkzeug: * Detected change in 'C:\\Users\\ivana\\Desktop\\curso-inserta-big-data\\ProyectosPython\\random_number_game_version_flet\\server\\app.py', reloading
INFO:werkzeug: * Detected change in 'C:\\Users\\ivana\\Desktop\\curso-inserta-big-data\\ProyectosPython\\random_number_game_version_flet\\server\\app.py', reloading
INFO:werkzeug: * Restarting with watchdog (windowsapi)
WARNING:werkzeug: * Debugger is active!
INFO:werkzeug: * Debugger PIN: 945-655-022
INFO:werkzeug: * Detected change in 'C:\\Users\\ivana\\Desktop\\curso-inserta-big-data\\ProyectosPython\\random_number_game_version_flet\\server\\app.py', reloading
INFO:werkzeug: * Detected change in 'C:\\Users\\ivana\\Desktop\\curso-inserta-big-data\\ProyectosPython\\random_number_game_version_flet\\server\\app.py', reloading
INFO:werkzeug: * Detected change in 'C:\\Users\\ivana\\Desktop\\curso-inserta-big-data\\ProyectosPython\\random_number_game_version_flet\\server\\app.py', reloading
INFO:werkzeug: * Restarting with watchdog (windowsapi)
WARNING:werkzeug: * Debugger is active!
INFO:werkzeug: * Debugger PIN: 945-655-022
INFO:werkzeug: * Detected change in 'C:\\Users\\ivana\\Desktop\\curso-inserta-big-data\\ProyectosPython\\random_number_game_version_flet\\server\\app.py', reloading
INFO:werkzeug: * Detected change in 'C:\\Users\\ivana\\Desktop\\curso-inserta-big-data\\ProyectosPython\\random_number_game_version_flet\\server\\app.py', reloading
INFO:werkzeug: * Detected change in 'C:\\Users\\ivana\\Desktop\\curso-inserta-big-data\\ProyectosPython\\random_number_game_version_flet\\server\\app.py', reloading
INFO:werkzeug: * Detected change in 'C:\\Users\\ivana\\Desktop\\curso-inserta-big-data\\ProyectosPython\\random_number_game_version_flet\\server\\app.py', reloading
INFO:werkzeug: * Detected change in 'C:\\Users\\ivana\\Desktop\\curso-inserta-big-data\\ProyectosPython\\random_number_game_version_flet\\server\\app.py', reloading
INFO:werkzeug: * Detected change in 'C:\\Users\\ivana\\Desktop\\curso-inserta-big-data\\ProyectosPython\\random_number_game_version_flet\\server\\app.py', reloading
INFO:werkzeug: * Detected change in 'C:\\Users\\ivana\\Desktop\\curso-inserta-big-data\\ProyectosPython\\random_number_game_version_flet\\server\\app.py', reloading
INFO:werkzeug: * Detected change in 'C:\\Users\\ivana\\Desktop\\curso-inserta-big-data\\ProyectosPython\\random_number_game_version_flet\\server\\app.py', reloading
INFO:werkzeug: * Detected change in 'C:\\Users\\ivana\\Desktop\\curso-inserta-big-data\\ProyectosPython\\random_number_game_version_flet\\server\\app.py', reloading
INFO:werkzeug: * Restarting with watchdog (windowsapi)
WARNING:werkzeug: * Debugger is active!
INFO:werkzeug: * Debugger PIN: 945-655-022
INFO:werkzeug: * Detected change in 'C:\\Users\\ivana\\Desktop\\curso-inserta-big-data\\ProyectosPython\\random_number_game_version_flet\\server\\app.py', reloading
INFO:werkzeug: * Detected change in 'C:\\Users\\ivana\\Desktop\\curso-inserta-big-data\\ProyectosPython\\random_number_game_version_flet\\server\\app.py', reloading
INFO:werkzeug: * Detected change in 'C:\\Users\\ivana\\Desktop\\curso-inserta-big-data\\ProyectosPython\\random_number_game_version_flet\\server\\app.py', reloading
INFO:werkzeug: * Detected change in 'C:\\Users\\ivana\\Desktop\\curso-inserta-big-data\\ProyectosPython\\random_number_game_version_flet\\server\\app.py', reloading
INFO:werkzeug: * Detected change in 'C:\\Users\\ivana\\Desktop\\curso-inserta-big-data\\ProyectosPython\\random_number_game_version_flet\\server\\app.py', reloading
INFO:werkzeug: * Detected change in 'C:\\Users\\ivana\\Desktop\\curso-inserta-big-data\\ProyectosPython\\random_number_game_version_flet\\server\\app.py', reloading
INFO:werkzeug: * Restarting with watchdog (windowsapi)
WARNING:werkzeug: * Debugger is active!
INFO:werkzeug: * Debugger PIN: 945-655-022
INFO:werkzeug: * Detected change in 'C:\\Users\\ivana\\Desktop\\curso-inserta-big-data\\ProyectosPython\\random_number_game_version_flet\\server\\app.py', reloading
INFO:werkzeug: * Detected change in 'C:\\Users\\ivana\\Desktop\\curso-inserta-big-data\\ProyectosPython\\random_number_game_version_flet\\server\\app.py', reloading
INFO:werkzeug: * Detected change in 'C:\\Users\\ivana\\Desktop\\curso-inserta-big-data\\ProyectosPython\\random_number_game_version_flet\\server\\app.py', reloading
INFO:werkzeug: * Detected change in 'C:\\Users\\ivana\\Desktop\\curso-inserta-big-data\\ProyectosPython\\random_number_game_version_flet\\server\\app.py', reloading
INFO:werkzeug: * Detected change in 'C:\\Users\\ivana\\Desktop\\curso-inserta-big-data\\ProyectosPython\\random_number_game_version_flet\\server\\app.py', reloading
INFO:werkzeug: * Detected change in 'C:\\Users\\ivana\\Desktop\\curso-inserta-big-data\\ProyectosPython\\random_number_game_version_flet\\server\\app.py', reloading
INFO:werkzeug: * Detected change in 'C:\\Users\\ivana\\Desktop\\curso-inserta-big-data\\ProyectosPython\\random_number_game_version_flet\\server\\app.py', reloading
INFO:werkzeug: * Detected change in 'C:\\Users\\ivana\\Desktop\\curso-inserta-big-data\\ProyectosPython\\random_number_game_version_flet\\server\\app.py', reloading
INFO:werkzeug: * Detected change in 'C:\\Users\\ivana\\Desktop\\curso-inserta-big-data\\ProyectosPython\\random_number_game_version_flet\\server\\app.py', reloading
INFO:werkzeug: * Detected change in 'C:\\Users\\ivana\\Desktop\\curso-inserta-big-data\\ProyectosPython\\random_number_game_version_flet\\server\\app.py', reloading
INFO:werkzeug: * Detected change in 'C:\\Users\\ivana\\Desktop\\curso-inserta-big-data\\ProyectosPython\\random_number_game_version_flet\\server\\app.py', reloading
INFO:werkzeug: * Detected change in 'C:\\Users\\ivana\\Desktop\\curso-inserta-big-data\\ProyectosPython\\random_number_game_version_flet\\server\\app.py', reloading
INFO:werkzeug: * Detected change in 'C:\\Users\\ivana\\Desktop\\curso-inserta-big-data\\ProyectosPython\\random_number_game_version_flet\\server\\app.py', reloading
INFO:werkzeug: * Detected change in 'C:\\Users\\ivana\\Desktop\\curso-inserta-big-data\\ProyectosPython\\random_number_game_version_flet\\server\\app.py', reloading
INFO:werkzeug: * Detected change in 'C:\\Users\\ivana\\Desktop\\curso-inserta-big-data\\ProyectosPython\\random_number_game_version_flet\\server\\app.py', reloading
INFO:werkzeug: * Restarting with watchdog (windowsapi)
WARNING:werkzeug: * Debugger is active!
INFO:werkzeug: * Debugger PIN: 945-655-022
INFO:werkzeug: * Detected change in 'C:\\Users\\ivana\\Desktop\\curso-inserta-big-data\\ProyectosPython\\random_number_game_version_flet\\server\\app.py', reloading
INFO:werkzeug: * Detected change in 'C:\\Users\\ivana\\Desktop\\curso-inserta-big-data\\ProyectosPython\\random_number_game_version_flet\\server\\app.py', reloading
INFO:werkzeug: * Detected change in 'C:\\Users\\ivana\\Desktop\\curso-inserta-big-data\\ProyectosPython\\random_number_game_version_flet\\server\\app.py', reloading
INFO:werkzeug: * Detected change in 'C:\\Users\\ivana\\Desktop\\curso-inserta-big-data\\ProyectosPython\\random_number_game_version_flet\\server\\app.py', reloading
INFO:werkzeug: * Detected change in 'C:\\Users\\ivana\\Desktop\\curso-inserta-big-data\\ProyectosPython\\random_number_game_version_flet\\server\\app.py', reloading
INFO:werkzeug: * Detected change in 'C:\\Users\\ivana\\Desktop\\curso-inserta-big-data\\ProyectosPython\\random_number_game_version_flet\\server\\app.py', reloading
INFO:werkzeug: * Detected change in 'C:\\Users\\ivana\\Desktop\\curso-inserta-big-data\\ProyectosPython\\random_number_game_version_flet\\server\\app.py', reloading
INFO:werkzeug: * Detected change in 'C:\\Users\\ivana\\Desktop\\curso-inserta-big-data\\ProyectosPython\\random_number_game_version_flet\\server\\app.py', reloading
INFO:werkzeug: * Detected change in 'C:\\Users\\ivana\\Desktop\\curso-inserta-big-data\\ProyectosPython\\random_number_game_version_flet\\server\\app.py', reloading
INFO:werkzeug: * Detected change in 'C:\\Users\\ivana\\Desktop\\curso-inserta-big-data\\ProyectosPython\\random_number_game_version_flet\\server\\app.py', reloading
INFO:werkzeug: * Detected change in 'C:\\Users\\ivana\\Desktop\\curso-inserta-big-data\\ProyectosPython\\random_number_game_version_flet\\server\\app.py', reloading
INFO:werkzeug: * Detected change in 'C:\\Users\\ivana\\Desktop\\curso-inserta-big-data\\ProyectosPython\\random_number_game_version_flet\\server\\app.py', reloading
INFO:werkzeug: * Restarting with watchdog (windowsapi)
WARNING:werkzeug: * Debugger is active!
INFO:werkzeug: * Debugger PIN: 945-655-022
INFO:werkzeug: * Detected change in 'C:\\Users\\ivana\\Desktop\\curso-inserta-big-data\\ProyectosPython\\random_number_game_version_flet\\server\\app.py', reloading
INFO:werkzeug: * Detected change in 'C:\\Users\\ivana\\Desktop\\curso-inserta-big-data\\ProyectosPython\\random_number_game_version_flet\\server\\app.py', reloading
INFO:werkzeug: * Detected change in 'C:\\Users\\ivana\\Desktop\\curso-inserta-big-data\\ProyectosPython\\random_number_game_version_flet\\server\\app.py', reloading
INFO:werkzeug: * Restarting with watchdog (windowsapi)
WARNING:werkzeug: * Debugger is active!
INFO:werkzeug: * Debugger PIN: 945-655-022
INFO:werkzeug: * Detected change in 'C:\\Users\\ivana\\Desktop\\curso-inserta-big-data\\ProyectosPython\\random_number_game_version_flet\\server\\app.py', reloading
INFO:werkzeug: * Detected change in 'C:\\Users\\ivana\\Desktop\\curso-inserta-big-data\\ProyectosPython\\random_number_game_version_flet\\server\\app.py', reloading
INFO:werkzeug: * Detected change in 'C:\\Users\\ivana\\Desktop\\curso-inserta-big-data\\ProyectosPython\\random_number_game_version_flet\\server\\app.py', reloading
INFO:werkzeug: * Detected change in 'C:\\Users\\ivana\\Desktop\\curso-inserta-big-data\\ProyectosPython\\random_number_game_version_flet\\server\\app.py', reloading
INFO:werkzeug: * Detected change in 'C:\\Users\\ivana\\Desktop\\curso-inserta-big-data\\ProyectosPython\\random_number_game_version_flet\\server\\app.py', reloading
INFO:werkzeug: * Detected change in 'C:\\Users\\ivana\\Desktop\\curso-inserta-big-data\\ProyectosPython\\random_number_game_version_flet\\server\\app.py', reloading
INFO:werkzeug: * Detected change in 'C:\\Users\\ivana\\Desktop\\curso-inserta-big-data\\ProyectosPython\\random_number_game_version_flet\\server\\app.py', reloading
INFO:werkzeug: * Detected change in 'C:\\Users\\ivana\\Desktop\\curso-inserta-big-data\\ProyectosPython\\random_number_game_version_flet\\server\\app.py', reloading
INFO:werkzeug: * Detected change in 'C:\\Users\\ivana\\Desktop\\curso-inserta-big-data\\ProyectosPython\\random_number_game_version_flet\\server\\app.py', reloading
INFO:werkzeug: * Detected change in 'C:\\Users\\ivana\\Desktop\\curso-inserta-big-data\\ProyectosPython\\random_number_game_version_flet\\server\\app.py', reloading
INFO:werkzeug: * Restarting with watchdog (windowsapi)
WARNING:werkzeug: * Debugger is active!
INFO:werkzeug: * Debugger PIN: 945-655-022
INFO:werkzeug: * Detected change in 'C:\\Users\\ivana\\Desktop\\curso-inserta-big-data\\ProyectosPython\\random_number_game_version_flet\\server\\app.py', reloading
INFO:werkzeug: * Detected change in 'C:\\Users\\ivana\\Desktop\\curso-inserta-big-data\\ProyectosPython\\random_number_game_version_flet\\server\\app.py', reloading
INFO:werkzeug: * Detected change in 'C:\\Users\\ivana\\Desktop\\curso-inserta-big-data\\ProyectosPython\\random_number_game_version_flet\\server\\app.py', reloading
INFO:werkzeug: * Detected change in 'C:\\Users\\ivana\\Desktop\\curso-inserta-big-data\\ProyectosPython\\random_number_game_version_flet\\server\\app.py', reloading
INFO:werkzeug: * Detected change in 'C:\\Users\\ivana\\Desktop\\curso-inserta-big-data\\ProyectosPython\\random_number_game_version_flet\\server\\app.py', reloading
INFO:werkzeug: * Detected change in 'C:\\Users\\ivana\\Desktop\\curso-inserta-big-data\\ProyectosPython\\random_number_game_version_flet\\server\\app.py', reloading
INFO:werkzeug: * Restarting with watchdog (windowsapi)
WARNING:werkzeug: * Debugger is active!
INFO:werkzeug: * Debugger PIN: 945-655-022
INFO:werkzeug: * Detected change in 'C:\\Users\\ivana\\Desktop\\curso-inserta-big-data\\ProyectosPython\\random_number_game_version_flet\\server\\app.py', reloading
INFO:werkzeug: * Detected change in 'C:\\Users\\ivana\\Desktop\\curso-inserta-big-data\\ProyectosPython\\random_number_game_version_flet\\server\\app.py', reloading
INFO:werkzeug: * Detected change in 'C:\\Users\\ivana\\Desktop\\curso-inserta-big-data\\ProyectosPython\\random_number_game_version_flet\\server\\app.py', reloading
INFO:werkzeug: * Detected change in 'C:\\Users\\ivana\\Desktop\\curso-inserta-big-data\\ProyectosPython\\random_number_game_version_flet\\server\\app.py', reloading
INFO:werkzeug: * Detected change in 'C:\\Users\\ivana\\Desktop\\curso-inserta-big-data\\ProyectosPython\\random_number_game_version_flet\\server\\app.py', reloading
INFO:werkzeug: * Detected change in 'C:\\Users\\ivana\\Desktop\\curso-inserta-big-data\\ProyectosPython\\random_number_game_version_flet\\server\\app.py', reloading
INFO:werkzeug: * Detected change in 'C:\\Users\\ivana\\Desktop\\curso-inserta-big-data\\ProyectosPython\\random_number_game_version_flet\\server\\app.py', reloading
INFO:werkzeug: * Detected change in 'C:\\Users\\ivana\\Desktop\\curso-inserta-big-data\\ProyectosPython\\random_number_game_version_flet\\server\\app.py', reloading
INFO:werkzeug: * Detected change in 'C:\\Users\\ivana\\Desktop\\curso-inserta-big-data\\ProyectosPython\\random_number_game_version_flet\\server\\app.py', reloading
INFO:werkzeug: * Restarting with watchdog (windowsapi)
WARNING:werkzeug: * Debugger is active!
INFO:werkzeug: * Debugger PIN: 945-655-022
INFO:werkzeug:[31m[1mWARNING: This is a development server. Do not use it in a production deployment. Use a production WSGI server instead.[0m
 * Running on all addresses (0.0.0.0)
 * Running on http://127.0.0.1:5000
 * Running on http://192.168.1.86:5000
INFO:werkzeug:[33mPress CTRL+C to quit[0m
INFO:werkzeug: * Restarting with watchdog (windowsapi)
WARNING:werkzeug: * Debugger is active!
INFO:werkzeug: * Debugger PIN: 945-655-022
DEBUG:root:{'id': 1, 'username': 'ivan_arganda96', 'email': 'ivanartista96@gmail.com', 'role': 1, 'exp': datetime.datetime(2025, 10, 5, 21, 7, 5, 329455)}
INFO:werkzeug:127.0.0.1 - - [05/Oct/2025 22:07:05] "POST /users/login HTTP/1.1" 200 -
INFO:werkzeug: * Detected change in 'C:\\Users\\ivana\\Desktop\\curso-inserta-big-data\\ProyectosPython\\random_number_game_version_flet\\server\\app.py', reloading
INFO:werkzeug: * Detected change in 'C:\\Users\\ivana\\Desktop\\curso-inserta-big-data\\ProyectosPython\\random_number_game_version_flet\\server\\app.py', reloading
INFO:werkzeug: * Detected change in 'C:\\Users\\ivana\\Desktop\\curso-inserta-big-data\\ProyectosPython\\random_number_game_version_flet\\server\\app.py', reloading
INFO:werkzeug: * Restarting with watchdog (windowsapi)
WARNING:werkzeug: * Debugger is active!
INFO:werkzeug: * Debugger PIN: 945-655-022
INFO:werkzeug: * Detected change in 'C:\\Users\\ivana\\Desktop\\curso-inserta-big-data\\ProyectosPython\\random_number_game_version_flet\\server\\app.py', reloading
INFO:werkzeug: * Detected change in 'C:\\Users\\ivana\\Desktop\\curso-inserta-big-data\\ProyectosPython\\random_number_game_version_flet\\server\\app.py', reloading
INFO:werkzeug: * Detected change in 'C:\\Users\\ivana\\Desktop\\curso-inserta-big-data\\ProyectosPython\\random_number_game_version_flet\\server\\app.py', reloading
INFO:werkzeug: * Detected change in 'C:\\Users\\ivana\\Desktop\\curso-inserta-big-data\\ProyectosPython\\random_number_game_version_flet\\server\\app.py', reloading
INFO:werkzeug: * Detected change in 'C:\\Users\\ivana\\Desktop\\curso-inserta-big-data\\ProyectosPython\\random_number_game_version_flet\\server\\app.py', reloading
INFO:werkzeug: * Detected change in 'C:\\Users\\ivana\\Desktop\\curso-inserta-big-data\\ProyectosPython\\random_number_game_version_flet\\server\\app.py', reloading
INFO:werkzeug: * Restarting with watchdog (windowsapi)
WARNING:werkzeug: * Debugger is active!
INFO:werkzeug: * Debugger PIN: 945-655-022
INFO:werkzeug: * Detected change in 'C:\\Users\\ivana\\Desktop\\curso-inserta-big-data\\ProyectosPython\\random_number_game_version_flet\\server\\app.py', reloading
INFO:werkzeug: * Detected change in 'C:\\Users\\ivana\\Desktop\\curso-inserta-big-data\\ProyectosPython\\random_number_game_version_flet\\server\\app.py', reloading
INFO:werkzeug: * Detected change in 'C:\\Users\\ivana\\Desktop\\curso-inserta-big-data\\ProyectosPython\\random_number_game_version_flet\\server\\app.py', reloading
INFO:werkzeug: * Detected change in 'C:\\Users\\ivana\\Desktop\\curso-inserta-big-data\\ProyectosPython\\random_number_game_version_flet\\server\\app.py', reloading
INFO:werkzeug: * Detected change in 'C:\\Users\\ivana\\Desktop\\curso-inserta-big-data\\ProyectosPython\\random_number_game_version_flet\\server\\app.py', reloading
INFO:werkzeug: * Detected change in 'C:\\Users\\ivana\\Desktop\\curso-inserta-big-data\\ProyectosPython\\random_number_game_version_flet\\server\\app.py', reloading
INFO:werkzeug: * Restarting with watchdog (windowsapi)
WARNING:werkzeug: * Debugger is active!
INFO:werkzeug: * Debugger PIN: 945-655-022
INFO:werkzeug: * Detected change in 'C:\\Users\\ivana\\Desktop\\curso-inserta-big-data\\ProyectosPython\\random_number_game_version_flet\\server\\app.py', reloading
INFO:werkzeug: * Detected change in 'C:\\Users\\ivana\\Desktop\\curso-inserta-big-data\\ProyectosPython\\random_number_game_version_flet\\server\\app.py', reloading
INFO:werkzeug: * Detected change in 'C:\\Users\\ivana\\Desktop\\curso-inserta-big-data\\ProyectosPython\\random_number_game_version_flet\\server\\app.py', reloading
INFO:werkzeug: * Detected change in 'C:\\Users\\ivana\\Desktop\\curso-inserta-big-data\\ProyectosPython\\random_number_game_version_flet\\server\\app.py', reloading
INFO:werkzeug: * Detected change in 'C:\\Users\\ivana\\Desktop\\curso-inserta-big-data\\ProyectosPython\\random_number_game_version_flet\\server\\app.py', reloading
INFO:werkzeug: * Detected change in 'C:\\Users\\ivana\\Desktop\\curso-inserta-big-data\\ProyectosPython\\random_number_game_version_flet\\server\\app.py', reloading
INFO:werkzeug: * Restarting with watchdog (windowsapi)
WARNING:werkzeug: * Debugger is active!
INFO:werkzeug: * Debugger PIN: 945-655-022
INFO:werkzeug: * Detected change in 'C:\\Users\\ivana\\Desktop\\curso-inserta-big-data\\ProyectosPython\\random_number_game_version_flet\\server\\app.py', reloading
INFO:werkzeug: * Detected change in 'C:\\Users\\ivana\\Desktop\\curso-inserta-big-data\\ProyectosPython\\random_number_game_version_flet\\server\\app.py', reloading
INFO:werkzeug: * Detected change in 'C:\\Users\\ivana\\Desktop\\curso-inserta-big-data\\ProyectosPython\\random_number_game_version_flet\\server\\app.py', reloading
INFO:werkzeug: * Restarting with watchdog (windowsapi)
WARNING:werkzeug: * Debugger is active!
INFO:werkzeug: * Debugger PIN: 945-655-022
INFO:werkzeug: * Detected change in 'C:\\Users\\ivana\\Desktop\\curso-inserta-big-data\\ProyectosPython\\random_number_game_version_flet\\server\\app.py', reloading
INFO:werkzeug: * Detected change in 'C:\\Users\\ivana\\Desktop\\curso-inserta-big-data\\ProyectosPython\\random_number_game_version_flet\\server\\app.py', reloading
INFO:werkzeug: * Detected change in 'C:\\Users\\ivana\\Desktop\\curso-inserta-big-data\\ProyectosPython\\random_number_game_version_flet\\server\\app.py', reloading
INFO:werkzeug: * Detected change in 'C:\\Users\\ivana\\Desktop\\curso-inserta-big-data\\ProyectosPython\\random_number_game_version_flet\\server\\app.py', reloading
INFO:werkzeug: * Detected change in 'C:\\Users\\ivana\\Desktop\\curso-inserta-big-data\\ProyectosPython\\random_number_game_version_flet\\server\\app.py', reloading
INFO:werkzeug: * Detected change in 'C:\\Users\\ivana\\Desktop\\curso-inserta-big-data\\ProyectosPython\\random_number_game_version_flet\\server\\app.py', reloading
INFO:werkzeug: * Detected change in 'C:\\Users\\ivana\\Desktop\\curso-inserta-big-data\\ProyectosPython\\random_number_game_version_flet\\server\\app.py', reloading
INFO:werkzeug: * Restarting with watchdog (windowsapi)
WARNING:werkzeug: * Debugger is active!
INFO:werkzeug: * Debugger PIN: 945-655-022
INFO:werkzeug: * Detected change in 'C:\\Users\\ivana\\Desktop\\curso-inserta-big-data\\ProyectosPython\\random_number_game_version_flet\\server\\app.py', reloading
INFO:werkzeug: * Detected change in 'C:\\Users\\ivana\\Desktop\\curso-inserta-big-data\\ProyectosPython\\random_number_game_version_flet\\server\\app.py', reloading
INFO:werkzeug: * Detected change in 'C:\\Users\\ivana\\Desktop\\curso-inserta-big-data\\ProyectosPython\\random_number_game_version_flet\\server\\app.py', reloading
INFO:werkzeug: * Detected change in 'C:\\Users\\ivana\\Desktop\\curso-inserta-big-data\\ProyectosPython\\random_number_game_version_flet\\server\\app.py', reloading
INFO:werkzeug: * Detected change in 'C:\\Users\\ivana\\Desktop\\curso-inserta-big-data\\ProyectosPython\\random_number_game_version_flet\\server\\app.py', reloading
INFO:werkzeug: * Detected change in 'C:\\Users\\ivana\\Desktop\\curso-inserta-big-data\\ProyectosPython\\random_number_game_version_flet\\server\\app.py', reloading
INFO:werkzeug: * Detected change in 'C:\\Users\\ivana\\Desktop\\curso-inserta-big-data\\ProyectosPython\\random_number_game_version_flet\\server\\app.py', reloading
INFO:werkzeug: * Detected change in 'C:\\Users\\ivana\\Desktop\\curso-inserta-big-data\\ProyectosPython\\random_number_game_version_flet\\server\\app.py', reloading
INFO:werkzeug: * Detected change in 'C:\\Users\\ivana\\Desktop\\curso-inserta-big-data\\ProyectosPython\\random_number_game_version_flet\\server\\app.py', reloading
INFO:werkzeug: * Detected change in 'C:\\Users\\ivana\\Desktop\\curso-inserta-big-data\\ProyectosPython\\random_number_game_version_flet\\server\\app.py', reloading
INFO:werkzeug: * Detected change in 'C:\\Users\\ivana\\Desktop\\curso-inserta-big-data\\ProyectosPython\\random_number_game_version_flet\\server\\app.py', reloading
INFO:werkzeug: * Detected change in 'C:\\Users\\ivana\\Desktop\\curso-inserta-big-data\\ProyectosPython\\random_number_game_version_flet\\server\\app.py', reloading
INFO:werkzeug: * Detected change in 'C:\\Users\\ivana\\Desktop\\curso-inserta-big-data\\ProyectosPython\\random_number_game_version_flet\\server\\app.py', reloading
INFO:werkzeug: * Detected change in 'C:\\Users\\ivana\\Desktop\\curso-inserta-big-data\\ProyectosPython\\random_number_game_version_flet\\server\\app.py', reloading
INFO:werkzeug: * Detected change in 'C:\\Users\\ivana\\Desktop\\curso-inserta-big-data\\ProyectosPython\\random_number_game_version_flet\\server\\app.py', reloading
INFO:werkzeug: * Restarting with watchdog (windowsapi)
WARNING:werkzeug: * Debugger is active!
INFO:werkzeug: * Debugger PIN: 945-655-022
INFO:werkzeug: * Detected change in 'C:\\Users\\ivana\\Desktop\\curso-inserta-big-data\\ProyectosPython\\random_number_game_version_flet\\server\\app.py', reloading
INFO:werkzeug: * Detected change in 'C:\\Users\\ivana\\Desktop\\curso-inserta-big-data\\ProyectosPython\\random_number_game_version_flet\\server\\app.py', reloading
INFO:werkzeug: * Detected change in 'C:\\Users\\ivana\\Desktop\\curso-inserta-big-data\\ProyectosPython\\random_number_game_version_flet\\server\\app.py', reloading
INFO:werkzeug: * Detected change in 'C:\\Users\\ivana\\Desktop\\curso-inserta-big-data\\ProyectosPython\\random_number_game_version_flet\\server\\app.py', reloading
INFO:werkzeug: * Detected change in 'C:\\Users\\ivana\\Desktop\\curso-inserta-big-data\\ProyectosPython\\random_number_game_version_flet\\server\\app.py', reloading
INFO:werkzeug: * Detected change in 'C:\\Users\\ivana\\Desktop\\curso-inserta-big-data\\ProyectosPython\\random_number_game_version_flet\\server\\app.py', reloading
INFO:werkzeug: * Detected change in 'C:\\Users\\ivana\\Desktop\\curso-inserta-big-data\\ProyectosPython\\random_number_game_version_flet\\server\\app.py', reloading
INFO:werkzeug: * Detected change in 'C:\\Users\\ivana\\Desktop\\curso-inserta-big-data\\ProyectosPython\\random_number_game_version_flet\\server\\app.py', reloading
INFO:werkzeug: * Detected change in 'C:\\Users\\ivana\\Desktop\\curso-inserta-big-data\\ProyectosPython\\random_number_game_version_flet\\server\\app.py', reloading
INFO:werkzeug: * Restarting with watchdog (windowsapi)
WARNING:werkzeug: * Debugger is active!
INFO:werkzeug: * Debugger PIN: 945-655-022
INFO:werkzeug: * Detected change in 'C:\\Users\\ivana\\Desktop\\curso-inserta-big-data\\ProyectosPython\\random_number_game_version_flet\\server\\app.py', reloading
INFO:werkzeug: * Detected change in 'C:\\Users\\ivana\\Desktop\\curso-inserta-big-data\\ProyectosPython\\random_number_game_version_flet\\server\\app.py', reloading
INFO:werkzeug: * Detected change in 'C:\\Users\\ivana\\Desktop\\curso-inserta-big-data\\ProyectosPython\\random_number_game_version_flet\\server\\app.py', reloading
INFO:werkzeug: * Detected change in 'C:\\Users\\ivana\\Desktop\\curso-inserta-big-data\\ProyectosPython\\random_number_game_version_flet\\server\\app.py', reloading
INFO:werkzeug: * Detected change in 'C:\\Users\\ivana\\Desktop\\curso-inserta-big-data\\ProyectosPython\\random_number_game_version_flet\\server\\app.py', reloading
INFO:werkzeug: * Detected change in 'C:\\Users\\ivana\\Desktop\\curso-inserta-big-data\\ProyectosPython\\random_number_game_version_flet\\server\\app.py', reloading
INFO:werkzeug: * Detected change in 'C:\\Users\\ivana\\Desktop\\curso-inserta-big-data\\ProyectosPython\\random_number_game_version_flet\\server\\app.py', reloading
INFO:werkzeug: * Detected change in 'C:\\Users\\ivana\\Desktop\\curso-inserta-big-data\\ProyectosPython\\random_number_game_version_flet\\server\\app.py', reloading
INFO:werkzeug: * Detected change in 'C:\\Users\\ivana\\Desktop\\curso-inserta-big-data\\ProyectosPython\\random_number_game_version_flet\\server\\app.py', reloading
INFO:werkzeug: * Detected change in 'C:\\Users\\ivana\\Desktop\\curso-inserta-big-data\\ProyectosPython\\random_number_game_version_flet\\server\\app.py', reloading
INFO:werkzeug: * Detected change in 'C:\\Users\\ivana\\Desktop\\curso-inserta-big-data\\ProyectosPython\\random_number_game_version_flet\\server\\app.py', reloading
INFO:werkzeug: * Detected change in 'C:\\Users\\ivana\\Desktop\\curso-inserta-big-data\\ProyectosPython\\random_number_game_version_flet\\server\\app.py', reloading
INFO:werkzeug: * Detected change in 'C:\\Users\\ivana\\Desktop\\curso-inserta-big-data\\ProyectosPython\\random_number_game_version_flet\\server\\app.py', reloading
INFO:werkzeug: * Detected change in 'C:\\Users\\ivana\\Desktop\\curso-inserta-big-data\\ProyectosPython\\random_number_game_version_flet\\server\\app.py', reloading
INFO:werkzeug: * Detected change in 'C:\\Users\\ivana\\Desktop\\curso-inserta-big-data\\ProyectosPython\\random_number_game_version_flet\\server\\app.py', reloading
INFO:werkzeug: * Restarting with watchdog (windowsapi)
WARNING:werkzeug: * Debugger is active!
INFO:werkzeug: * Debugger PIN: 945-655-022
INFO:werkzeug: * Detected change in 'C:\\Users\\ivana\\Desktop\\curso-inserta-big-data\\ProyectosPython\\random_number_game_version_flet\\server\\app.py', reloading
INFO:werkzeug: * Detected change in 'C:\\Users\\ivana\\Desktop\\curso-inserta-big-data\\ProyectosPython\\random_number_game_version_flet\\server\\app.py', reloading
INFO:werkzeug: * Detected change in 'C:\\Users\\ivana\\Desktop\\curso-inserta-big-data\\ProyectosPython\\random_number_game_version_flet\\server\\app.py', reloading
INFO:werkzeug: * Detected change in 'C:\\Users\\ivana\\Desktop\\curso-inserta-big-data\\ProyectosPython\\random_number_game_version_flet\\server\\app.py', reloading
INFO:werkzeug: * Detected change in 'C:\\Users\\ivana\\Desktop\\curso-inserta-big-data\\ProyectosPython\\random_number_game_version_flet\\server\\app.py', reloading
INFO:werkzeug: * Detected change in 'C:\\Users\\ivana\\Desktop\\curso-inserta-big-data\\ProyectosPython\\random_number_game_version_flet\\server\\app.py', reloading
INFO:werkzeug: * Detected change in 'C:\\Users\\ivana\\Desktop\\curso-inserta-big-data\\ProyectosPython\\random_number_game_version_flet\\server\\app.py', reloading
INFO:werkzeug: * Detected change in 'C:\\Users\\ivana\\Desktop\\curso-inserta-big-data\\ProyectosPython\\random_number_game_version_flet\\server\\app.py', reloading
INFO:werkzeug: * Detected change in 'C:\\Users\\ivana\\Desktop\\curso-inserta-big-data\\ProyectosPython\\random_number_game_version_flet\\server\\app.py', reloading
INFO:werkzeug: * Detected change in 'C:\\Users\\ivana\\Desktop\\curso-inserta-big-data\\ProyectosPython\\random_number_game_version_flet\\server\\app.py', reloading
INFO:werkzeug: * Detected change in 'C:\\Users\\ivana\\Desktop\\curso-inserta-big-data\\ProyectosPython\\random_number_game_version_flet\\server\\app.py', reloading
INFO:werkzeug: * Detected change in 'C:\\Users\\ivana\\Desktop\\curso-inserta-big-data\\ProyectosPython\\random_number_game_version_flet\\server\\app.py', reloading
INFO:werkzeug: * Detected change in 'C:\\Users\\ivana\\Desktop\\curso-inserta-big-data\\ProyectosPython\\random_number_game_version_flet\\server\\app.py', reloading
INFO:werkzeug: * Detected change in 'C:\\Users\\ivana\\Desktop\\curso-inserta-big-data\\ProyectosPython\\random_number_game_version_flet\\server\\app.py', reloading
INFO:werkzeug: * Detected change in 'C:\\Users\\ivana\\Desktop\\curso-inserta-big-data\\ProyectosPython\\random_number_game_version_flet\\server\\app.py', reloading
INFO:werkzeug: * Detected change in 'C:\\Users\\ivana\\Desktop\\curso-inserta-big-data\\ProyectosPython\\random_number_game_version_flet\\server\\app.py', reloading
INFO:werkzeug: * Detected change in 'C:\\Users\\ivana\\Desktop\\curso-inserta-big-data\\ProyectosPython\\random_number_game_version_flet\\server\\app.py', reloading
INFO:werkzeug: * Detected change in 'C:\\Users\\ivana\\Desktop\\curso-inserta-big-data\\ProyectosPython\\random_number_game_version_flet\\server\\app.py', reloading
INFO:werkzeug: * Restarting with watchdog (windowsapi)
WARNING:werkzeug: * Debugger is active!
INFO:werkzeug: * Debugger PIN: 945-655-022
INFO:werkzeug: * Detected change in 'C:\\Users\\ivana\\Desktop\\curso-inserta-big-data\\ProyectosPython\\random_number_game_version_flet\\server\\app.py', reloading
INFO:werkzeug: * Detected change in 'C:\\Users\\ivana\\Desktop\\curso-inserta-big-data\\ProyectosPython\\random_number_game_version_flet\\server\\app.py', reloading
INFO:werkzeug: * Detected change in 'C:\\Users\\ivana\\Desktop\\curso-inserta-big-data\\ProyectosPython\\random_number_game_version_flet\\server\\app.py', reloading
INFO:werkzeug: * Restarting with watchdog (windowsapi)
WARNING:werkzeug: * Debugger is active!
INFO:werkzeug: * Debugger PIN: 945-655-022
INFO:werkzeug: * Detected change in 'C:\\Users\\ivana\\Desktop\\curso-inserta-big-data\\ProyectosPython\\random_number_game_version_flet\\server\\app.py', reloading
INFO:werkzeug: * Detected change in 'C:\\Users\\ivana\\Desktop\\curso-inserta-big-data\\ProyectosPython\\random_number_game_version_flet\\server\\app.py', reloading
INFO:werkzeug: * Detected change in 'C:\\Users\\ivana\\Desktop\\curso-inserta-big-data\\ProyectosPython\\random_number_game_version_flet\\server\\app.py', reloading
INFO:werkzeug: * Detected change in 'C:\\Users\\ivana\\Desktop\\curso-inserta-big-data\\ProyectosPython\\random_number_game_version_flet\\server\\app.py', reloading
INFO:werkzeug: * Detected change in 'C:\\Users\\ivana\\Desktop\\curso-inserta-big-data\\ProyectosPython\\random_number_game_version_flet\\server\\app.py', reloading
INFO:werkzeug: * Detected change in 'C:\\Users\\ivana\\Desktop\\curso-inserta-big-data\\ProyectosPython\\random_number_game_version_flet\\server\\app.py', reloading
INFO:werkzeug: * Detected change in 'C:\\Users\\ivana\\Desktop\\curso-inserta-big-data\\ProyectosPython\\random_number_game_version_flet\\server\\app.py', reloading
INFO:werkzeug: * Detected change in 'C:\\Users\\ivana\\Desktop\\curso-inserta-big-data\\ProyectosPython\\random_number_game_version_flet\\server\\app.py', reloading
INFO:werkzeug: * Detected change in 'C:\\Users\\ivana\\Desktop\\curso-inserta-big-data\\ProyectosPython\\random_number_game_version_flet\\server\\app.py', reloading
INFO:werkzeug: * Detected change in 'C:\\Users\\ivana\\Desktop\\curso-inserta-big-data\\ProyectosPython\\random_number_game_version_flet\\server\\app.py', reloading
INFO:werkzeug: * Detected change in 'C:\\Users\\ivana\\Desktop\\curso-inserta-big-data\\ProyectosPython\\random_number_game_version_flet\\server\\app.py', reloading
INFO:werkzeug: * Detected change in 'C:\\Users\\ivana\\Desktop\\curso-inserta-big-data\\ProyectosPython\\random_number_game_version_flet\\server\\app.py', reloading
INFO:werkzeug: * Detected change in 'C:\\Users\\ivana\\Desktop\\curso-inserta-big-data\\ProyectosPython\\random_number_game_version_flet\\server\\app.py', reloading
INFO:werkzeug: * Detected change in 'C:\\Users\\ivana\\Desktop\\curso-inserta-big-data\\ProyectosPython\\random_number_game_version_flet\\server\\app.py', reloading
INFO:werkzeug: * Detected change in 'C:\\Users\\ivana\\Desktop\\curso-inserta-big-data\\ProyectosPython\\random_number_game_version_flet\\server\\app.py', reloading
INFO:werkzeug: * Detected change in 'C:\\Users\\ivana\\Desktop\\curso-inserta-big-data\\ProyectosPython\\random_number_game_version_flet\\server\\app.py', reloading
INFO:werkzeug: * Detected change in 'C:\\Users\\ivana\\Desktop\\curso-inserta-big-data\\ProyectosPython\\random_number_game_version_flet\\server\\app.py', reloading
INFO:werkzeug: * Detected change in 'C:\\Users\\ivana\\Desktop\\curso-inserta-big-data\\ProyectosPython\\random_number_game_version_flet\\server\\app.py', reloading
INFO:werkzeug: * Restarting with watchdog (windowsapi)
WARNING:werkzeug: * Debugger is active!
INFO:werkzeug: * Debugger PIN: 945-655-022
INFO:werkzeug:[31m[1mWARNING: This is a development server. Do not use it in a production deployment. Use a production WSGI server instead.[0m
 * Running on all addresses (0.0.0.0)
 * Running on http://127.0.0.1:5000
 * Running on http://192.168.1.86:5000
INFO:werkzeug:[33mPress CTRL+C to quit[0m
INFO:werkzeug: * Restarting with watchdog (windowsapi)
WARNING:werkzeug: * Debugger is active!
INFO:werkzeug: * Debugger PIN: 945-655-022
DEBUG:root:list index out of range
INFO:werkzeug:127.0.0.1 - - [05/Oct/2025 22:08:37] "POST /users/login HTTP/1.1" 200 -
INFO:werkzeug: * Detected change in 'C:\\Users\\ivana\\Desktop\\curso-inserta-big-data\\ProyectosPython\\random_number_game_version_flet\\server\\app.py', reloading
INFO:werkzeug: * Detected change in 'C:\\Users\\ivana\\Desktop\\curso-inserta-big-data\\ProyectosPython\\random_number_game_version_flet\\server\\app.py', reloading
INFO:werkzeug: * Detected change in 'C:\\Users\\ivana\\Desktop\\curso-inserta-big-data\\ProyectosPython\\random_number_game_version_flet\\server\\app.py', reloading
INFO:werkzeug: * Detected change in 'C:\\Users\\ivana\\Desktop\\curso-inserta-big-data\\ProyectosPython\\random_number_game_version_flet\\server\\app.py', reloading
INFO:werkzeug: * Detected change in 'C:\\Users\\ivana\\Desktop\\curso-inserta-big-data\\ProyectosPython\\random_number_game_version_flet\\server\\app.py', reloading
INFO:werkzeug: * Detected change in 'C:\\Users\\ivana\\Desktop\\curso-inserta-big-data\\ProyectosPython\\random_number_game_version_flet\\server\\app.py', reloading
INFO:werkzeug: * Detected change in 'C:\\Users\\ivana\\Desktop\\curso-inserta-big-data\\ProyectosPython\\random_number_game_version_flet\\server\\app.py', reloading
INFO:werkzeug: * Detected change in 'C:\\Users\\ivana\\Desktop\\curso-inserta-big-data\\ProyectosPython\\random_number_game_version_flet\\server\\app.py', reloading
INFO:werkzeug: * Detected change in 'C:\\Users\\ivana\\Desktop\\curso-inserta-big-data\\ProyectosPython\\random_number_game_version_flet\\server\\app.py', reloading
INFO:werkzeug: * Restarting with watchdog (windowsapi)
WARNING:werkzeug: * Debugger is active!
INFO:werkzeug: * Debugger PIN: 945-655-022
INFO:werkzeug: * Detected change in 'C:\\Users\\ivana\\Desktop\\curso-inserta-big-data\\ProyectosPython\\random_number_game_version_flet\\server\\app.py', reloading
INFO:werkzeug: * Detected change in 'C:\\Users\\ivana\\Desktop\\curso-inserta-big-data\\ProyectosPython\\random_number_game_version_flet\\server\\app.py', reloading
INFO:werkzeug: * Detected change in 'C:\\Users\\ivana\\Desktop\\curso-inserta-big-data\\ProyectosPython\\random_number_game_version_flet\\server\\app.py', reloading
INFO:werkzeug: * Detected change in 'C:\\Users\\ivana\\Desktop\\curso-inserta-big-data\\ProyectosPython\\random_number_game_version_flet\\server\\app.py', reloading
INFO:werkzeug: * Detected change in 'C:\\Users\\ivana\\Desktop\\curso-inserta-big-data\\ProyectosPython\\random_number_game_version_flet\\server\\app.py', reloading
INFO:werkzeug: * Detected change in 'C:\\Users\\ivana\\Desktop\\curso-inserta-big-data\\ProyectosPython\\random_number_game_version_flet\\server\\app.py', reloading
INFO:werkzeug: * Detected change in 'C:\\Users\\ivana\\Desktop\\curso-inserta-big-data\\ProyectosPython\\random_number_game_version_flet\\server\\app.py', reloading
INFO:werkzeug: * Detected change in 'C:\\Users\\ivana\\Desktop\\curso-inserta-big-data\\ProyectosPython\\random_number_game_version_flet\\server\\app.py', reloading
INFO:werkzeug: * Detected change in 'C:\\Users\\ivana\\Desktop\\curso-inserta-big-data\\ProyectosPython\\random_number_game_version_flet\\server\\app.py', reloading
INFO:werkzeug: * Restarting with watchdog (windowsapi)
WARNING:werkzeug: * Debugger is active!
INFO:werkzeug: * Debugger PIN: 945-655-022
INFO:werkzeug: * Detected change in 'C:\\Users\\ivana\\Desktop\\curso-inserta-big-data\\ProyectosPython\\random_number_game_version_flet\\server\\app.py', reloading
INFO:werkzeug: * Detected change in 'C:\\Users\\ivana\\Desktop\\curso-inserta-big-data\\ProyectosPython\\random_number_game_version_flet\\server\\app.py', reloading
INFO:werkzeug: * Detected change in 'C:\\Users\\ivana\\Desktop\\curso-inserta-big-data\\ProyectosPython\\random_number_game_version_flet\\server\\app.py', reloading
INFO:werkzeug: * Detected change in 'C:\\Users\\ivana\\Desktop\\curso-inserta-big-data\\ProyectosPython\\random_number_game_version_flet\\server\\app.py', reloading
INFO:werkzeug: * Detected change in 'C:\\Users\\ivana\\Desktop\\curso-inserta-big-data\\ProyectosPython\\random_number_game_version_flet\\server\\app.py', reloading
INFO:werkzeug: * Detected change in 'C:\\Users\\ivana\\Desktop\\curso-inserta-big-data\\ProyectosPython\\random_number_game_version_flet\\server\\app.py', reloading
INFO:werkzeug: * Restarting with watchdog (windowsapi)
WARNING:werkzeug: * Debugger is active!
INFO:werkzeug: * Debugger PIN: 945-655-022
INFO:werkzeug: * Detected change in 'C:\\Users\\ivana\\Desktop\\curso-inserta-big-data\\ProyectosPython\\random_number_game_version_flet\\server\\app.py', reloading
INFO:werkzeug: * Detected change in 'C:\\Users\\ivana\\Desktop\\curso-inserta-big-data\\ProyectosPython\\random_number_game_version_flet\\server\\app.py', reloading
INFO:werkzeug: * Detected change in 'C:\\Users\\ivana\\Desktop\\curso-inserta-big-data\\ProyectosPython\\random_number_game_version_flet\\server\\app.py', reloading
INFO:werkzeug: * Detected change in 'C:\\Users\\ivana\\Desktop\\curso-inserta-big-data\\ProyectosPython\\random_number_game_version_flet\\server\\app.py', reloading
INFO:werkzeug: * Detected change in 'C:\\Users\\ivana\\Desktop\\curso-inserta-big-data\\ProyectosPython\\random_number_game_version_flet\\server\\app.py', reloading
INFO:werkzeug: * Detected change in 'C:\\Users\\ivana\\Desktop\\curso-inserta-big-data\\ProyectosPython\\random_number_game_version_flet\\server\\app.py', reloading
INFO:werkzeug: * Detected change in 'C:\\Users\\ivana\\Desktop\\curso-inserta-big-data\\ProyectosPython\\random_number_game_version_flet\\server\\app.py', reloading
INFO:werkzeug: * Detected change in 'C:\\Users\\ivana\\Desktop\\curso-inserta-big-data\\ProyectosPython\\random_number_game_version_flet\\server\\app.py', reloading
INFO:werkzeug: * Restarting with watchdog (windowsapi)
WARNING:werkzeug: * Debugger is active!
INFO:werkzeug: * Debugger PIN: 945-655-022
INFO:werkzeug: * Detected change in 'C:\\Users\\ivana\\Desktop\\curso-inserta-big-data\\ProyectosPython\\random_number_game_version_flet\\server\\app.py', reloading
INFO:werkzeug: * Detected change in 'C:\\Users\\ivana\\Desktop\\curso-inserta-big-data\\ProyectosPython\\random_number_game_version_flet\\server\\app.py', reloading
INFO:werkzeug: * Detected change in 'C:\\Users\\ivana\\Desktop\\curso-inserta-big-data\\ProyectosPython\\random_number_game_version_flet\\server\\app.py', reloading
INFO:werkzeug: * Detected change in 'C:\\Users\\ivana\\Desktop\\curso-inserta-big-data\\ProyectosPython\\random_number_game_version_flet\\server\\app.py', reloading
INFO:werkzeug: * Detected change in 'C:\\Users\\ivana\\Desktop\\curso-inserta-big-data\\ProyectosPython\\random_number_game_version_flet\\server\\app.py', reloading
INFO:werkzeug: * Detected change in 'C:\\Users\\ivana\\Desktop\\curso-inserta-big-data\\ProyectosPython\\random_number_game_version_flet\\server\\app.py', reloading
INFO:werkzeug: * Detected change in 'C:\\Users\\ivana\\Desktop\\curso-inserta-big-data\\ProyectosPython\\random_number_game_version_flet\\server\\app.py', reloading
INFO:werkzeug: * Detected change in 'C:\\Users\\ivana\\Desktop\\curso-inserta-big-data\\ProyectosPython\\random_number_game_version_flet\\server\\app.py', reloading
INFO:werkzeug: * Detected change in 'C:\\Users\\ivana\\Desktop\\curso-inserta-big-data\\ProyectosPython\\random_number_game_version_flet\\server\\app.py', reloading
INFO:werkzeug: * Restarting with watchdog (windowsapi)
WARNING:werkzeug: * Debugger is active!
INFO:werkzeug: * Debugger PIN: 945-655-022
INFO:werkzeug: * Detected change in 'C:\\Users\\ivana\\Desktop\\curso-inserta-big-data\\ProyectosPython\\random_number_game_version_flet\\server\\app.py', reloading
INFO:werkzeug: * Detected change in 'C:\\Users\\ivana\\Desktop\\curso-inserta-big-data\\ProyectosPython\\random_number_game_version_flet\\server\\app.py', reloading
INFO:werkzeug: * Detected change in 'C:\\Users\\ivana\\Desktop\\curso-inserta-big-data\\ProyectosPython\\random_number_game_version_flet\\server\\app.py', reloading
INFO:werkzeug: * Detected change in 'C:\\Users\\ivana\\Desktop\\curso-inserta-big-data\\ProyectosPython\\random_number_game_version_flet\\server\\app.py', reloading
INFO:werkzeug: * Restarting with watchdog (windowsapi)
WARNING:werkzeug: * Debugger is active!
INFO:werkzeug: * Debugger PIN: 945-655-022
INFO:werkzeug: * Detected change in 'C:\\Users\\ivana\\Desktop\\curso-inserta-big-data\\ProyectosPython\\random_number_game_version_flet\\server\\app.py', reloading
INFO:werkzeug: * Detected change in 'C:\\Users\\ivana\\Desktop\\curso-inserta-big-data\\ProyectosPython\\random_number_game_version_flet\\server\\app.py', reloading
INFO:werkzeug: * Detected change in 'C:\\Users\\ivana\\Desktop\\curso-inserta-big-data\\ProyectosPython\\random_number_game_version_flet\\server\\app.py', reloading
INFO:werkzeug: * Restarting with watchdog (windowsapi)
WARNING:werkzeug: * Debugger is active!
INFO:werkzeug: * Debugger PIN: 945-655-022
INFO:werkzeug: * Detected change in 'C:\\Users\\ivana\\Desktop\\curso-inserta-big-data\\ProyectosPython\\random_number_game_version_flet\\server\\app.py', reloading
INFO:werkzeug: * Detected change in 'C:\\Users\\ivana\\Desktop\\curso-inserta-big-data\\ProyectosPython\\random_number_game_version_flet\\server\\app.py', reloading
INFO:werkzeug: * Detected change in 'C:\\Users\\ivana\\Desktop\\curso-inserta-big-data\\ProyectosPython\\random_number_game_version_flet\\server\\app.py', reloading
INFO:werkzeug: * Restarting with watchdog (windowsapi)
WARNING:werkzeug: * Debugger is active!
INFO:werkzeug: * Debugger PIN: 945-655-022
INFO:werkzeug: * Detected change in 'C:\\Users\\ivana\\Desktop\\curso-inserta-big-data\\ProyectosPython\\random_number_game_version_flet\\server\\app.py', reloading
INFO:werkzeug: * Detected change in 'C:\\Users\\ivana\\Desktop\\curso-inserta-big-data\\ProyectosPython\\random_number_game_version_flet\\server\\app.py', reloading
INFO:werkzeug: * Detected change in 'C:\\Users\\ivana\\Desktop\\curso-inserta-big-data\\ProyectosPython\\random_number_game_version_flet\\server\\app.py', reloading
INFO:werkzeug: * Detected change in 'C:\\Users\\ivana\\Desktop\\curso-inserta-big-data\\ProyectosPython\\random_number_game_version_flet\\server\\app.py', reloading
INFO:werkzeug: * Detected change in 'C:\\Users\\ivana\\Desktop\\curso-inserta-big-data\\ProyectosPython\\random_number_game_version_flet\\server\\app.py', reloading
INFO:werkzeug: * Detected change in 'C:\\Users\\ivana\\Desktop\\curso-inserta-big-data\\ProyectosPython\\random_number_game_version_flet\\server\\app.py', reloading
INFO:werkzeug: * Restarting with watchdog (windowsapi)
WARNING:werkzeug: * Debugger is active!
INFO:werkzeug: * Debugger PIN: 945-655-022
DEBUG:root:list index out of range
INFO:werkzeug:127.0.0.1 - - [05/Oct/2025 22:09:58] "POST /users/login HTTP/1.1" 200 -
INFO:werkzeug: * Detected change in 'C:\\Users\\ivana\\Desktop\\curso-inserta-big-data\\ProyectosPython\\random_number_game_version_flet\\server\\app.py', reloading
INFO:werkzeug: * Detected change in 'C:\\Users\\ivana\\Desktop\\curso-inserta-big-data\\ProyectosPython\\random_number_game_version_flet\\server\\app.py', reloading
INFO:werkzeug: * Detected change in 'C:\\Users\\ivana\\Desktop\\curso-inserta-big-data\\ProyectosPython\\random_number_game_version_flet\\server\\app.py', reloading
INFO:werkzeug: * Restarting with watchdog (windowsapi)
WARNING:werkzeug: * Debugger is active!
INFO:werkzeug: * Debugger PIN: 945-655-022
INFO:werkzeug: * Detected change in 'C:\\Users\\ivana\\Desktop\\curso-inserta-big-data\\ProyectosPython\\random_number_game_version_flet\\server\\app.py', reloading
INFO:werkzeug: * Detected change in 'C:\\Users\\ivana\\Desktop\\curso-inserta-big-data\\ProyectosPython\\random_number_game_version_flet\\server\\app.py', reloading
INFO:werkzeug: * Detected change in 'C:\\Users\\ivana\\Desktop\\curso-inserta-big-data\\ProyectosPython\\random_number_game_version_flet\\server\\app.py', reloading
INFO:werkzeug: * Restarting with watchdog (windowsapi)
WARNING:werkzeug: * Debugger is active!
INFO:werkzeug: * Debugger PIN: 945-655-022
INFO:werkzeug: * Detected change in 'C:\\Users\\ivana\\Desktop\\curso-inserta-big-data\\ProyectosPython\\random_number_game_version_flet\\server\\app.py', reloading
INFO:werkzeug: * Detected change in 'C:\\Users\\ivana\\Desktop\\curso-inserta-big-data\\ProyectosPython\\random_number_game_version_flet\\server\\app.py', reloading
INFO:werkzeug: * Detected change in 'C:\\Users\\ivana\\Desktop\\curso-inserta-big-data\\ProyectosPython\\random_number_game_version_flet\\server\\app.py', reloading
INFO:werkzeug: * Restarting with watchdog (windowsapi)
WARNING:werkzeug: * Debugger is active!
INFO:werkzeug: * Debugger PIN: 945-655-022
INFO:werkzeug: * Detected change in 'C:\\Users\\ivana\\Desktop\\curso-inserta-big-data\\ProyectosPython\\random_number_game_version_flet\\server\\app.py', reloading
INFO:werkzeug: * Detected change in 'C:\\Users\\ivana\\Desktop\\curso-inserta-big-data\\ProyectosPython\\random_number_game_version_flet\\server\\app.py', reloading
INFO:werkzeug: * Detected change in 'C:\\Users\\ivana\\Desktop\\curso-inserta-big-data\\ProyectosPython\\random_number_game_version_flet\\server\\app.py', reloading
INFO:werkzeug: * Detected change in 'C:\\Users\\ivana\\Desktop\\curso-inserta-big-data\\ProyectosPython\\random_number_game_version_flet\\server\\app.py', reloading
INFO:werkzeug: * Detected change in 'C:\\Users\\ivana\\Desktop\\curso-inserta-big-data\\ProyectosPython\\random_number_game_version_flet\\server\\app.py', reloading
INFO:werkzeug: * Detected change in 'C:\\Users\\ivana\\Desktop\\curso-inserta-big-data\\ProyectosPython\\random_number_game_version_flet\\server\\app.py', reloading
INFO:werkzeug: * Restarting with watchdog (windowsapi)
WARNING:werkzeug: * Debugger is active!
INFO:werkzeug: * Debugger PIN: 945-655-022
INFO:werkzeug:[31m[1mWARNING: This is a development server. Do not use it in a production deployment. Use a production WSGI server instead.[0m
 * Running on all addresses (0.0.0.0)
 * Running on http://127.0.0.1:5000
 * Running on http://192.168.1.86:5000
INFO:werkzeug:[33mPress CTRL+C to quit[0m
INFO:werkzeug: * Restarting with watchdog (windowsapi)
WARNING:werkzeug: * Debugger is active!
INFO:werkzeug: * Debugger PIN: 945-655-022
DEBUG:root:{'id': 1, 'username': 'ivan_arganda96', 'email': 'ivanartista96@gmail.com', 'role': 'admin', 'exp': datetime.datetime(2025, 10, 5, 21, 13, 22, 352167)}
INFO:werkzeug:127.0.0.1 - - [05/Oct/2025 22:13:22] "POST /users/login HTTP/1.1" 200 -
INFO:werkzeug: * Detected change in 'C:\\Users\\ivana\\AppData\\Local\\Programs\\Python\\Python312\\Lib\\concurrent\\futures\\thread.py', reloading
